# JRE version: Java(TM) SE Runtime Environment (8.0_281-b09) (build 1.8.0_281-b09)
# Java VM: Java HotSpot(TM) 64-Bit Server VM (25.281-b09 mixed mode windows-amd64 compressed oops)
Heap:
 PSYoungGen      total 47104K, used 24706K [0x00000000d5f00000, 0x00000000d9f00000, 0x0000000100000000)
  eden space 31744K, 36% used [0x00000000d5f00000,0x00000000d6a40938,0x00000000d7e00000)
  from space 15360K, 85% used [0x00000000d7e80000,0x00000000d8b60120,0x00000000d8d80000)
  to   space 16896K, 0% used [0x00000000d8e80000,0x00000000d8e80000,0x00000000d9f00000)
 ParOldGen       total 74752K, used 17042K [0x0000000081c00000, 0x0000000086500000, 0x00000000d5f00000)
  object space 74752K, 22% used [0x0000000081c00000,0x0000000082ca4b30,0x0000000086500000)
 Metaspace       used 26960K, capacity 27268K, committed 27776K, reserved 1073152K
  class space    used 3233K, capacity 3338K, committed 3456K, reserved 1048576K
GC Heap History (10 events):
Event: 57.702 GC heap before
{Heap before GC invocations=4 (full 1):
 PSYoungGen      total 38400K, used 33280K [0x00000000d5f00000, 0x00000000d8980000, 0x0000000100000000)
  eden space 33280K, 100% used [0x00000000d5f00000,0x00000000d7f80000,0x00000000d7f80000)
  from space 5120K, 0% used [0x00000000d8480000,0x00000000d8480000,0x00000000d8980000)
  to   space 5120K, 0% used [0x00000000d7f80000,0x00000000d7f80000,0x00000000d8480000)
 ParOldGen       total 74752K, used 8960K [0x0000000081c00000, 0x0000000086500000, 0x00000000d5f00000)
  object space 74752K, 11% used [0x0000000081c00000,0x00000000824c0300,0x0000000086500000)
 Metaspace       used 22904K, capacity 23214K, committed 23680K, reserved 1071104K
  class space    used 2732K, capacity 2819K, committed 2944K, reserved 1048576K
Event: 57.704 GC heap after
Heap after GC invocations=4 (full 1):
 PSYoungGen      total 38400K, used 4722K [0x00000000d5f00000, 0x00000000d8980000, 0x0000000100000000)
  eden space 33280K, 0% used [0x00000000d5f00000,0x00000000d5f00000,0x00000000d7f80000)
  from space 5120K, 92% used [0x00000000d7f80000,0x00000000d841c8b0,0x00000000d8480000)
  to   space 5120K, 0% used [0x00000000d8480000,0x00000000d8480000,0x00000000d8980000)
 ParOldGen       total 74752K, used 10462K [0x0000000081c00000, 0x0000000086500000, 0x00000000d5f00000)
  object space 74752K, 13% used [0x0000000081c00000,0x0000000082637ba0,0x0000000086500000)
 Metaspace       used 22904K, capacity 23214K, committed 23680K, reserved 1071104K
  class space    used 2732K, capacity 2819K, committed 2944K, reserved 1048576K
}
Event: 62.265 GC heap before
{Heap before GC invocations=5 (full 1):
 PSYoungGen      total 38400K, used 38002K [0x00000000d5f00000, 0x00000000d8980000, 0x0000000100000000)
  eden space 33280K, 100% used [0x00000000d5f00000,0x00000000d7f80000,0x00000000d7f80000)
  from space 5120K, 92% used [0x00000000d7f80000,0x00000000d841c8b0,0x00000000d8480000)
  to   space 5120K, 0% used [0x00000000d8480000,0x00000000d8480000,0x00000000d8980000)
 ParOldGen       total 74752K, used 10462K [0x0000000081c00000, 0x0000000086500000, 0x00000000d5f00000)
  object space 74752K, 13% used [0x0000000081c00000,0x0000000082637ba0,0x0000000086500000)
 Metaspace       used 23075K, capacity 23350K, committed 23680K, reserved 1071104K
  class space    used 2732K, capacity 2819K, committed 2944K, reserved 1048576K
Event: 62.266 GC heap after
Heap after GC invocations=5 (full 1):
 PSYoungGen      total 38400K, used 4234K [0x00000000d5f00000, 0x00000000d8980000, 0x0000000100000000)
  eden space 33280K, 0% used [0x00000000d5f00000,0x00000000d5f00000,0x00000000d7f80000)
  from space 5120K, 82% used [0x00000000d8480000,0x00000000d88a2b60,0x00000000d8980000)
  to   space 5120K, 0% used [0x00000000d7f80000,0x00000000d7f80000,0x00000000d8480000)
 ParOldGen       total 74752K, used 11965K [0x0000000081c00000, 0x0000000086500000, 0x00000000d5f00000)
  object space 74752K, 16% used [0x0000000081c00000,0x00000000827af440,0x0000000086500000)
 Metaspace       used 23075K, capacity 23350K, committed 23680K, reserved 1071104K
  class space    used 2732K, capacity 2819K, committed 2944K, reserved 1048576K
}
Event: 1390.064 GC heap before
{Heap before GC invocations=6 (full 1):
 PSYoungGen      total 38400K, used 37514K [0x00000000d5f00000, 0x00000000d8980000, 0x0000000100000000)
  eden space 33280K, 100% used [0x00000000d5f00000,0x00000000d7f80000,0x00000000d7f80000)
  from space 5120K, 82% used [0x00000000d8480000,0x00000000d88a2b60,0x00000000d8980000)
  to   space 5120K, 0% used [0x00000000d7f80000,0x00000000d7f80000,0x00000000d8480000)
 ParOldGen       total 74752K, used 11965K [0x0000000081c00000, 0x0000000086500000, 0x00000000d5f00000)
  object space 74752K, 16% used [0x0000000081c00000,0x00000000827af440,0x0000000086500000)
 Metaspace       used 25659K, capacity 25980K, committed 26240K, reserved 1073152K
  class space    used 3042K, capacity 3164K, committed 3200K, reserved 1048576K
Event: 1390.066 GC heap after
Heap after GC invocations=6 (full 1):
 PSYoungGen      total 37888K, used 5092K [0x00000000d5f00000, 0x00000000d9d00000, 0x0000000100000000)
  eden space 32768K, 0% used [0x00000000d5f00000,0x00000000d5f00000,0x00000000d7f00000)
  from space 5120K, 99% used [0x00000000d7f80000,0x00000000d84792f8,0x00000000d8480000)
  to   space 15360K, 0% used [0x00000000d8e00000,0x00000000d8e00000,0x00000000d9d00000)
 ParOldGen       total 74752K, used 14256K [0x0000000081c00000, 0x0000000086500000, 0x00000000d5f00000)
  object space 74752K, 19% used [0x0000000081c00000,0x00000000829ec360,0x0000000086500000)
 Metaspace       used 25659K, capacity 25980K, committed 26240K, reserved 1073152K
  class space    used 3042K, capacity 3164K, committed 3200K, reserved 1048576K
}
Event: 6409.415 GC heap before
{Heap before GC invocations=7 (full 1):
 PSYoungGen      total 37888K, used 37860K [0x00000000d5f00000, 0x00000000d9d00000, 0x0000000100000000)
  eden space 32768K, 100% used [0x00000000d5f00000,0x00000000d7f00000,0x00000000d7f00000)
  from space 5120K, 99% used [0x00000000d7f80000,0x00000000d84792f8,0x00000000d8480000)
  to   space 15360K, 0% used [0x00000000d8e00000,0x00000000d8e00000,0x00000000d9d00000)
 ParOldGen       total 74752K, used 14256K [0x0000000081c00000, 0x0000000086500000, 0x00000000d5f00000)
  object space 74752K, 19% used [0x0000000081c00000,0x00000000829ec360,0x0000000086500000)
 Metaspace       used 25843K, capacity 26172K, committed 26496K, reserved 1073152K
  class space    used 3050K, capacity 3164K, committed 3200K, reserved 1048576K
Event: 6409.420 GC heap after
Heap after GC invocations=7 (full 1):
 PSYoungGen      total 47104K, used 5399K [0x00000000d5f00000, 0x00000000d9c80000, 0x0000000100000000)
  eden space 32256K, 0% used [0x00000000d5f00000,0x00000000d5f00000,0x00000000d7e80000)
  from space 14848K, 36% used [0x00000000d8e00000,0x00000000d9345cb8,0x00000000d9c80000)
  to   space 15360K, 0% used [0x00000000d7e80000,0x00000000d7e80000,0x00000000d8d80000)
 ParOldGen       total 74752K, used 14264K [0x0000000081c00000, 0x0000000086500000, 0x00000000d5f00000)
  object space 74752K, 19% used [0x0000000081c00000,0x00000000829ee360,0x0000000086500000)
 Metaspace       used 25843K, capacity 26172K, committed 26496K, reserved 1073152K
  class space    used 3050K, capacity 3164K, committed 3200K, reserved 1048576K
}
Event: 6680.095 GC heap before
{Heap before GC invocations=8 (full 1):
 PSYoungGen      total 47104K, used 37655K [0x00000000d5f00000, 0x00000000d9c80000, 0x0000000100000000)
  eden space 32256K, 100% used [0x00000000d5f00000,0x00000000d7e80000,0x00000000d7e80000)
  from space 14848K, 36% used [0x00000000d8e00000,0x00000000d9345cb8,0x00000000d9c80000)
  to   space 15360K, 0% used [0x00000000d7e80000,0x00000000d7e80000,0x00000000d8d80000)
 ParOldGen       total 74752K, used 14264K [0x0000000081c00000, 0x0000000086500000, 0x00000000d5f00000)
  object space 74752K, 19% used [0x0000000081c00000,0x00000000829ee360,0x0000000086500000)
 Metaspace       used 26498K, capacity 26852K, committed 27136K, reserved 1073152K
  class space    used 3178K, capacity 3306K, committed 3328K, reserved 1048576K
Event: 6680.100 GC heap after
Heap after GC invocations=8 (full 1):
 PSYoungGen      total 47104K, used 13184K [0x00000000d5f00000, 0x00000000d9f00000, 0x0000000100000000)
  eden space 31744K, 0% used [0x00000000d5f00000,0x00000000d5f00000,0x00000000d7e00000)
  from space 15360K, 85% used [0x00000000d7e80000,0x00000000d8b60120,0x00000000d8d80000)
  to   space 16896K, 0% used [0x00000000d8e80000,0x00000000d8e80000,0x00000000d9f00000)
 ParOldGen       total 74752K, used 17042K [0x0000000081c00000, 0x0000000086500000, 0x00000000d5f00000)
  object space 74752K, 22% used [0x0000000081c00000,0x0000000082ca4b30,0x0000000086500000)
 Metaspace       used 26498K, capacity 26852K, committed 27136K, reserved 1073152K
  class space    used 3178K, capacity 3306K, committed 3328K, reserved 1048576K
}

